total 148K
drwxr-xr-x   1 root root 4.0K Jan 21 22:23 .
drwxr-xr-x   1 root root 4.0K Jan 21 22:23 ..
-rwxr-xr-x   1 root root    0 Jan 21 22:23 .dockerenv
-rw-r--r--   1 root root  12K Oct  1 01:16 anaconda-post.log
-rwxr-xr-x   1 root root  182 Jan  1  1970 apply.sh
lrwxrwxrwx   1 root root    7 Oct  1 01:15 bin -> usr/bin
drwxr-xr-x  17 root root 4.5K Jan 21 22:23 dev
drwxr-xr-x   1 root root 4.0K Jan 21 22:23 etc
drwxr-xr-x   2 root root 4.0K Apr 11  2018 home
-rw-r--r--   1 root root 5.6K Jan  1  1970 kubeconfig.kubeconfig
lrwxrwxrwx   1 root root    7 Oct  1 01:15 lib -> usr/lib
lrwxrwxrwx   1 root root    9 Oct  1 01:15 lib64 -> usr/lib64
-rw-r--r--   1 root root  65K Jan  1  1970 list.yaml
drwxr-xr-x   2 root root 4.0K Apr 11  2018 media
drwxr-xr-x   2 root root 4.0K Apr 11  2018 mnt
-rw-r--r--   1 root root    9 Jan  1  1970 namespace-file
drwxr-xr-x   2 root root 4.0K Apr 11  2018 opt
dr-xr-xr-x 502 root root    0 Jan 21 03:31 proc
dr-xr-x---   1 root root 4.0K Jan  7 17:57 root
drwxr-xr-x   1 root root 4.0K Jan  7 18:18 run
lrwxrwxrwx   1 root root    8 Oct  1 01:15 sbin -> usr/sbin
drwxr-xr-x   2 root root 4.0K Apr 11  2018 srv
dr-xr-xr-x  13 root root    0 Jan 21 22:20 sys
drwxrwxrwt   1 root root 4.0K Jan  7 18:18 tmp
drwxr-xr-x   1 root root 4.0K Oct  1 01:15 usr
drwxr-xr-x   1 root root 4.0K Oct  1 01:15 var
imagestream.image.openshift.io/dotnet created
imagestream.image.openshift.io/httpd created
imagestream.image.openshift.io/jenkins created
imagestream.image.openshift.io/mariadb created
imagestream.image.openshift.io/mongodb created
imagestream.image.openshift.io/mysql created
imagestream.image.openshift.io/nginx created
imagestream.image.openshift.io/nodejs created
imagestream.image.openshift.io/perl created
imagestream.image.openshift.io/php created
imagestream.image.openshift.io/postgresql created
imagestream.image.openshift.io/python created
imagestream.image.openshift.io/redis created
imagestream.image.openshift.io/ruby created
imagestream.image.openshift.io/wildfly created
