kube-dns
total 92K
drwxr-xr-x   1 root root 4.0K Jan 21 22:20 .
drwxr-xr-x   1 root root 4.0K Jan 21 22:20 ..
-rwxr-xr-x   1 root root    0 Jan 21 22:20 .dockerenv
-rw-r--r--   1 root root  12K Oct  1 01:16 anaconda-post.log
lrwxrwxrwx   1 root root    7 Oct  1 01:15 bin -> usr/bin
drwxr-xr-x  17 root root 4.5K Jan 21 22:20 dev
drwxr-xr-x   1 root root 4.0K Jan 21 22:20 etc
drwxr-xr-x   2 root root 4.0K Apr 11  2018 home
-rwxr-xr-x   1 root root  857 Jan  1  1970 install.sh
-rw-r--r--   1 root root 2.1K Jan  1  1970 install.yaml
-rw-r--r--   1 root root 5.6K Jan  1  1970 kubeconfig.kubeconfig
lrwxrwxrwx   1 root root    7 Oct  1 01:15 lib -> usr/lib
lrwxrwxrwx   1 root root    9 Oct  1 01:15 lib64 -> usr/lib64
drwxr-xr-x   2 root root 4.0K Apr 11  2018 media
drwxr-xr-x   2 root root 4.0K Apr 11  2018 mnt
-rw-r--r--   1 root root    8 Jan  1  1970 namespace-file
-rw-r--r--   1 root root  157 Jan  1  1970 namespace.yaml
drwxr-xr-x   2 root root 4.0K Apr 11  2018 opt
-rw-r--r--   1 root root  780 Jan  1  1970 param-file.txt
-rw-r--r--   1 root root    0 Jan  1  1970 privileged-sa-list.txt
dr-xr-xr-x 456 root root    0 Jan 21 03:31 proc
-rw-r--r--   1 root root    0 Jan  1  1970 rbac.yaml
dr-xr-x---   1 root root 4.0K Jan  7 17:57 root
drwxr-xr-x   1 root root 4.0K Jan  7 18:18 run
lrwxrwxrwx   1 root root    8 Oct  1 01:15 sbin -> usr/sbin
drwxr-xr-x   2 root root 4.0K Apr 11  2018 srv
dr-xr-xr-x  13 root root    0 Jan 21 22:20 sys
drwxrwxrwt   1 root root 4.0K Jan  7 18:18 tmp
drwxr-xr-x   1 root root 4.0K Oct  1 01:15 usr
drwxr-xr-x   1 root root 4.0K Oct  1 01:15 var
namespace/kube-dns created
daemonset.extensions/kube-dns created
serviceaccount/kube-dns created
service/kube-dns created
